  [4;36;1mSQL (0.6ms)[0m   [0;1m SELECT name
 FROM sqlite_master
 WHERE type = 'table' AND NOT name = 'sqlite_sequence'
[0m
  [4;35;1mSQL (0.2ms)[0m   [0mselect sqlite_version(*)[0m
  [4;36;1mSQL (6.7ms)[0m   [0;1mCREATE TABLE "schema_migrations" ("version" varchar(255) NOT NULL) [0m
  [4;35;1mSQL (2.0ms)[0m   [0mCREATE UNIQUE INDEX "unique_schema_migrations" ON "schema_migrations" ("version")[0m
  [4;36;1mSQL (0.2ms)[0m   [0;1m SELECT name
 FROM sqlite_master
 WHERE type = 'table' AND NOT name = 'sqlite_sequence'
[0m
  [4;35;1mSQL (0.1ms)[0m   [0mSELECT version FROM schema_migrations[0m
  [4;36;1mSQL (0.8ms)[0m   [0;1m SELECT name
 FROM sqlite_master
 WHERE type = 'table' AND NOT name = 'sqlite_sequence'
[0m
  [4;35;1mSQL (0.2ms)[0m   [0mSELECT version FROM schema_migrations[0m
Migrating to AddOpenIdAuthenticationTables (20090327021030)
  [4;36;1mSQL (0.2ms)[0m   [0;1mselect sqlite_version(*)[0m
  [4;35;1mSQL (0.3ms)[0m   [0m SELECT name
 FROM sqlite_master
 WHERE type = 'table' AND NOT name = 'sqlite_sequence'
[0m
  [4;36;1mSQL (0.8ms)[0m   [0;1mCREATE TABLE "open_id_authentication_associations" ("id" INTEGER PRIMARY KEY AUTOINCREMENT NOT NULL, "issued" integer, "lifetime" integer, "handle" varchar(255), "assoc_type" varchar(255), "server_url" blob, "secret" blob) [0m
  [4;35;1mSQL (0.5ms)[0m   [0m SELECT name
 FROM sqlite_master
 WHERE type = 'table' AND NOT name = 'sqlite_sequence'
[0m
  [4;36;1mSQL (0.3ms)[0m   [0;1mCREATE TABLE "open_id_authentication_nonces" ("id" INTEGER PRIMARY KEY AUTOINCREMENT NOT NULL, "timestamp" integer NOT NULL, "server_url" varchar(255), "salt" varchar(255) NOT NULL) [0m
  [4;35;1mSQL (0.2ms)[0m   [0mINSERT INTO schema_migrations (version) VALUES ('20090327021030')[0m
Migrating to CreatePlayers (20090327024528)
  [4;36;1mSQL (0.5ms)[0m   [0;1mCREATE TABLE "players" ("id" INTEGER PRIMARY KEY AUTOINCREMENT NOT NULL, "account_id" integer, "name" varchar(255), "created_at" datetime, "updated_at" datetime) [0m
  [4;35;1mSQL (0.2ms)[0m   [0mINSERT INTO schema_migrations (version) VALUES ('20090327024528')[0m
Migrating to CreateItems (20090327024745)
  [4;36;1mSQL (0.4ms)[0m   [0;1mCREATE TABLE "items" ("id" INTEGER PRIMARY KEY AUTOINCREMENT NOT NULL, "owner_id" integer, "created_at" datetime, "updated_at" datetime) [0m
  [4;35;1mSQL (0.2ms)[0m   [0mINSERT INTO schema_migrations (version) VALUES ('20090327024745')[0m
Migrating to CreateAreas (20090327024808)
  [4;36;1mSQL (0.4ms)[0m   [0;1mCREATE TABLE "areas" ("id" INTEGER PRIMARY KEY AUTOINCREMENT NOT NULL, "created_at" datetime, "updated_at" datetime) [0m
  [4;35;1mSQL (0.2ms)[0m   [0mINSERT INTO schema_migrations (version) VALUES ('20090327024808')[0m
Migrating to CreateOpportunities (20090327024837)
  [4;36;1mSQL (0.5ms)[0m   [0;1mCREATE TABLE "opportunities" ("id" INTEGER PRIMARY KEY AUTOINCREMENT NOT NULL, "area_id" integer, "created_at" datetime, "updated_at" datetime) [0m
  [4;35;1mSQL (0.1ms)[0m   [0mINSERT INTO schema_migrations (version) VALUES ('20090327024837')[0m
Migrating to CreateAreaLinks (20090327025045)
  [4;36;1mSQL (0.6ms)[0m   [0;1mCREATE TABLE "area_links" ("id" INTEGER PRIMARY KEY AUTOINCREMENT NOT NULL, "area_id" integer, "linked_area_id" integer, "created_at" datetime, "updated_at" datetime) [0m
  [4;35;1mSQL (0.2ms)[0m   [0mINSERT INTO schema_migrations (version) VALUES ('20090327025045')[0m
Migrating to CreateLoots (20090327025422)
  [4;36;1mSQL (0.6ms)[0m   [0;1mCREATE TABLE "loots" ("id" INTEGER PRIMARY KEY AUTOINCREMENT NOT NULL, "opportunity_id" integer, "created_at" datetime, "updated_at" datetime) [0m
  [4;35;1mSQL (0.1ms)[0m   [0mINSERT INTO schema_migrations (version) VALUES ('20090327025422')[0m
  [4;36;1mSQL (0.6ms)[0m   [0;1m SELECT name
 FROM sqlite_master
 WHERE type = 'table' AND NOT name = 'sqlite_sequence'
[0m
  [4;35;1mSQL (0.4ms)[0m   [0mSELECT version FROM schema_migrations[0m
  [4;36;1mSQL (0.5ms)[0m   [0;1m SELECT name
 FROM sqlite_master
 WHERE type = 'table' AND NOT name = 'sqlite_sequence'
[0m
  [4;35;1mSQL (0.1ms)[0m   [0mPRAGMA index_list("area_links")[0m
  [4;36;1mSQL (0.1ms)[0m   [0;1mPRAGMA index_list("areas")[0m
  [4;35;1mSQL (0.1ms)[0m   [0mPRAGMA index_list("items")[0m
  [4;36;1mSQL (0.1ms)[0m   [0;1mPRAGMA index_list("loots")[0m
  [4;35;1mSQL (0.1ms)[0m   [0mPRAGMA index_list("open_id_authentication_associations")[0m
  [4;36;1mSQL (0.1ms)[0m   [0;1mPRAGMA index_list("open_id_authentication_nonces")[0m
  [4;35;1mSQL (0.1ms)[0m   [0mPRAGMA index_list("opportunities")[0m
  [4;36;1mSQL (0.1ms)[0m   [0;1mPRAGMA index_list("players")[0m
  [4;36;1mSQL (0.4ms)[0m   [0;1m SELECT name
 FROM sqlite_master
 WHERE type = 'table' AND NOT name = 'sqlite_sequence'
[0m
  [4;35;1mSQL (0.2ms)[0m   [0mselect sqlite_version(*)[0m
  [4;36;1mSQL (4.8ms)[0m   [0;1mCREATE TABLE "schema_migrations" ("version" varchar(255) NOT NULL) [0m
  [4;35;1mSQL (1.9ms)[0m   [0mCREATE UNIQUE INDEX "unique_schema_migrations" ON "schema_migrations" ("version")[0m
  [4;36;1mSQL (0.3ms)[0m   [0;1m SELECT name
 FROM sqlite_master
 WHERE type = 'table' AND NOT name = 'sqlite_sequence'
[0m
  [4;35;1mSQL (0.2ms)[0m   [0mSELECT version FROM schema_migrations[0m
Migrating to AddOpenIdAuthenticationTables (20090327021030)
  [4;36;1mSQL (0.3ms)[0m   [0;1m SELECT name
 FROM sqlite_master
 WHERE type = 'table' AND NOT name = 'sqlite_sequence'
[0m
  [4;35;1mSQL (0.5ms)[0m   [0mCREATE TABLE "open_id_authentication_associations" ("id" INTEGER PRIMARY KEY AUTOINCREMENT NOT NULL, "issued" integer, "lifetime" integer, "handle" varchar(255), "assoc_type" varchar(255), "server_url" blob, "secret" blob) [0m
  [4;36;1mSQL (0.3ms)[0m   [0;1m SELECT name
 FROM sqlite_master
 WHERE type = 'table' AND NOT name = 'sqlite_sequence'
[0m
  [4;35;1mSQL (0.2ms)[0m   [0mCREATE TABLE "open_id_authentication_nonces" ("id" INTEGER PRIMARY KEY AUTOINCREMENT NOT NULL, "timestamp" integer NOT NULL, "server_url" varchar(255), "salt" varchar(255) NOT NULL) [0m
  [4;36;1mSQL (0.2ms)[0m   [0;1mINSERT INTO schema_migrations (version) VALUES ('20090327021030')[0m
Migrating to CreatePlayers (20090327024528)
  [4;35;1mSQL (0.5ms)[0m   [0mCREATE TABLE "players" ("id" INTEGER PRIMARY KEY AUTOINCREMENT NOT NULL, "account_id" integer, "name" varchar(255), "location_id" integer, "location_type" varchar(255), "created_at" datetime, "updated_at" datetime) [0m
  [4;36;1mSQL (0.2ms)[0m   [0;1mCREATE INDEX "index_players_on_account_id" ON "players" ("account_id")[0m
  [4;35;1mSQL (0.2ms)[0m   [0mCREATE INDEX "index_players_on_location_id_and_location_type" ON "players" ("location_id", "location_type")[0m
  [4;36;1mSQL (0.2ms)[0m   [0;1mINSERT INTO schema_migrations (version) VALUES ('20090327024528')[0m
Migrating to CreateItems (20090327024745)
  [4;35;1mSQL (0.5ms)[0m   [0mCREATE TABLE "items" ("id" INTEGER PRIMARY KEY AUTOINCREMENT NOT NULL, "owner_id" integer, "owner_type" varchar(255), "item_base_id" integer, "created_at" datetime, "updated_at" datetime) [0m
  [4;36;1mSQL (0.2ms)[0m   [0;1mCREATE INDEX "index_items_on_owner_id_and_owner_type" ON "items" ("owner_id", "owner_type")[0m
  [4;35;1mSQL (0.1ms)[0m   [0mINSERT INTO schema_migrations (version) VALUES ('20090327024745')[0m
Migrating to CreateAreas (20090327024808)
  [4;36;1mSQL (0.5ms)[0m   [0;1mCREATE TABLE "areas" ("id" INTEGER PRIMARY KEY AUTOINCREMENT NOT NULL, "area_base_id" integer, "created_at" datetime, "updated_at" datetime) [0m
  [4;35;1mSQL (0.1ms)[0m   [0mINSERT INTO schema_migrations (version) VALUES ('20090327024808')[0m
Migrating to CreateOpportunities (20090327024837)
  [4;36;1mSQL (0.6ms)[0m   [0;1mCREATE TABLE "opportunities" ("id" INTEGER PRIMARY KEY AUTOINCREMENT NOT NULL, "area_id" integer, "created_at" datetime, "updated_at" datetime) [0m
  [4;35;1mSQL (0.2ms)[0m   [0mCREATE INDEX "index_opportunities_on_area_id" ON "opportunities" ("area_id")[0m
  [4;36;1mSQL (0.1ms)[0m   [0;1mINSERT INTO schema_migrations (version) VALUES ('20090327024837')[0m
Migrating to CreateAreaLinks (20090327025045)
  [4;35;1mSQL (0.5ms)[0m   [0mCREATE TABLE "area_links" ("id" INTEGER PRIMARY KEY AUTOINCREMENT NOT NULL, "area_id" integer, "linked_area_id" integer, "created_at" datetime, "updated_at" datetime) [0m
  [4;36;1mSQL (0.3ms)[0m   [0;1mCREATE INDEX "index_area_links_on_area_id" ON "area_links" ("area_id")[0m
  [4;35;1mSQL (0.1ms)[0m   [0mINSERT INTO schema_migrations (version) VALUES ('20090327025045')[0m
Migrating to CreateLoots (20090327025422)
  [4;36;1mSQL (0.6ms)[0m   [0;1mCREATE TABLE "loots" ("id" INTEGER PRIMARY KEY AUTOINCREMENT NOT NULL, "opportunity_base_id" integer, "name" varchar(255), "created_at" datetime, "updated_at" datetime) [0m
  [4;35;1mSQL (0.4ms)[0m   [0mCREATE INDEX "index_loots_on_opportunity_base_id" ON "loots" ("opportunity_base_id")[0m
  [4;36;1mSQL (0.1ms)[0m   [0;1mINSERT INTO schema_migrations (version) VALUES ('20090327025422')[0m
Migrating to CreateRecipes (20090327025543)
  [4;35;1mSQL (0.5ms)[0m   [0mCREATE TABLE "recipes" ("id" INTEGER PRIMARY KEY AUTOINCREMENT NOT NULL, "name" varchar(255), "created_at" datetime, "updated_at" datetime) [0m
  [4;36;1mSQL (0.2ms)[0m   [0;1mINSERT INTO schema_migrations (version) VALUES ('20090327025543')[0m
Migrating to CreateRecipeComponents (20090327025731)
  [4;35;1mSQL (0.5ms)[0m   [0mCREATE TABLE "recipe_components" ("id" INTEGER PRIMARY KEY AUTOINCREMENT NOT NULL, "name" varchar(255), "created_at" datetime, "updated_at" datetime) [0m
  [4;36;1mSQL (0.2ms)[0m   [0;1mINSERT INTO schema_migrations (version) VALUES ('20090327025731')[0m
Migrating to CreateRecipeOutcomes (20090327025757)
  [4;35;1mSQL (0.5ms)[0m   [0mCREATE TABLE "recipe_outcomes" ("id" INTEGER PRIMARY KEY AUTOINCREMENT NOT NULL, "name" varchar(255), "weight" integer, "created_at" datetime, "updated_at" datetime) [0m
  [4;36;1mSQL (0.2ms)[0m   [0;1mINSERT INTO schema_migrations (version) VALUES ('20090327025757')[0m
Migrating to CreateRecipeComponentLinks (20090327025853)
  [4;35;1mSQL (0.6ms)[0m   [0mCREATE TABLE "recipe_component_links" ("id" INTEGER PRIMARY KEY AUTOINCREMENT NOT NULL, "recipe_id" integer, "recipe_component_id" integer, "created_at" datetime, "updated_at" datetime) [0m
  [4;36;1mSQL (0.4ms)[0m   [0;1mCREATE INDEX "index_recipe_component_links_on_recipe_id" ON "recipe_component_links" ("recipe_id")[0m
  [4;35;1mSQL (0.3ms)[0m   [0mCREATE INDEX "index_recipe_component_links_on_recipe_component_id" ON "recipe_component_links" ("recipe_component_id")[0m
  [4;36;1mSQL (0.2ms)[0m   [0;1mINSERT INTO schema_migrations (version) VALUES ('20090327025853')[0m
Migrating to CreateRecipeOutcomeLinks (20090327025925)
  [4;35;1mSQL (0.5ms)[0m   [0mCREATE TABLE "recipe_outcome_links" ("id" INTEGER PRIMARY KEY AUTOINCREMENT NOT NULL, "recipe_id" integer, "recipe_outcome_id" integer, "created_at" datetime, "updated_at" datetime) [0m
  [4;36;1mSQL (0.3ms)[0m   [0;1mCREATE INDEX "index_recipe_outcome_links_on_recipe_id" ON "recipe_outcome_links" ("recipe_id")[0m
  [4;35;1mSQL (0.3ms)[0m   [0mCREATE INDEX "index_recipe_outcome_links_on_recipe_outcome_id" ON "recipe_outcome_links" ("recipe_outcome_id")[0m
  [4;36;1mSQL (0.1ms)[0m   [0;1mINSERT INTO schema_migrations (version) VALUES ('20090327025925')[0m
Migrating to CreateItemBases (20090327030126)
  [4;35;1mSQL (0.7ms)[0m   [0mCREATE TABLE "item_bases" ("id" INTEGER PRIMARY KEY AUTOINCREMENT NOT NULL, "name" varchar(255), "description" text, "created_at" datetime, "updated_at" datetime) [0m
  [4;36;1mSQL (0.2ms)[0m   [0;1mINSERT INTO schema_migrations (version) VALUES ('20090327030126')[0m
Migrating to CreateAreaBases (20090327030237)
  [4;35;1mSQL (0.5ms)[0m   [0mCREATE TABLE "area_bases" ("id" INTEGER PRIMARY KEY AUTOINCREMENT NOT NULL, "name" varchar(255), "description" text, "created_at" datetime, "updated_at" datetime) [0m
  [4;36;1mSQL (0.3ms)[0m   [0;1mINSERT INTO schema_migrations (version) VALUES ('20090327030237')[0m
Migrating to CreateOpportunityBases (20090327030349)
  [4;35;1mSQL (0.5ms)[0m   [0mCREATE TABLE "opportunity_bases" ("id" INTEGER PRIMARY KEY AUTOINCREMENT NOT NULL, "name" varchar(255), "description" text, "created_at" datetime, "updated_at" datetime) [0m
  [4;36;1mSQL (0.2ms)[0m   [0;1mINSERT INTO schema_migrations (version) VALUES ('20090327030349')[0m
Migrating to CreateAccounts (20090327030854)
  [4;35;1mSQL (0.5ms)[0m   [0mCREATE TABLE "accounts" ("id" INTEGER PRIMARY KEY AUTOINCREMENT NOT NULL, "email" varchar(255), "created_at" datetime, "updated_at" datetime) [0m
  [4;36;1mSQL (0.1ms)[0m   [0;1mINSERT INTO schema_migrations (version) VALUES ('20090327030854')[0m
Migrating to CreateLogins (20090327030912)
  [4;35;1mSQL (0.5ms)[0m   [0mCREATE TABLE "logins" ("id" INTEGER PRIMARY KEY AUTOINCREMENT NOT NULL, "account_id" integer, "created_at" datetime, "updated_at" datetime) [0m
  [4;36;1mSQL (0.2ms)[0m   [0;1mINSERT INTO schema_migrations (version) VALUES ('20090327030912')[0m
  [4;35;1mSQL (1.0ms)[0m   [0m SELECT name
 FROM sqlite_master
 WHERE type = 'table' AND NOT name = 'sqlite_sequence'
[0m
  [4;36;1mSQL (0.8ms)[0m   [0;1mSELECT version FROM schema_migrations[0m
  [4;35;1mSQL (0.9ms)[0m   [0m SELECT name
 FROM sqlite_master
 WHERE type = 'table' AND NOT name = 'sqlite_sequence'
[0m
  [4;36;1mSQL (0.1ms)[0m   [0;1mPRAGMA index_list("accounts")[0m
  [4;35;1mSQL (0.1ms)[0m   [0mPRAGMA index_list("area_bases")[0m
  [4;36;1mSQL (0.2ms)[0m   [0;1mPRAGMA index_list("area_links")[0m
  [4;35;1mSQL (1.0ms)[0m   [0mPRAGMA index_info('index_area_links_on_area_id')[0m
  [4;36;1mSQL (0.1ms)[0m   [0;1mPRAGMA index_list("areas")[0m
  [4;35;1mSQL (0.1ms)[0m   [0mPRAGMA index_list("item_bases")[0m
  [4;36;1mSQL (0.2ms)[0m   [0;1mPRAGMA index_list("items")[0m
  [4;35;1mSQL (0.2ms)[0m   [0mPRAGMA index_info('index_items_on_owner_id_and_owner_type')[0m
  [4;36;1mSQL (0.1ms)[0m   [0;1mPRAGMA index_list("logins")[0m
  [4;35;1mSQL (0.2ms)[0m   [0mPRAGMA index_list("loots")[0m
  [4;36;1mSQL (0.2ms)[0m   [0;1mPRAGMA index_info('index_loots_on_opportunity_base_id')[0m
  [4;35;1mSQL (0.1ms)[0m   [0mPRAGMA index_list("open_id_authentication_associations")[0m
  [4;36;1mSQL (0.1ms)[0m   [0;1mPRAGMA index_list("open_id_authentication_nonces")[0m
  [4;35;1mSQL (0.2ms)[0m   [0mPRAGMA index_list("opportunities")[0m
  [4;36;1mSQL (0.2ms)[0m   [0;1mPRAGMA index_info('index_opportunities_on_area_id')[0m
  [4;35;1mSQL (0.1ms)[0m   [0mPRAGMA index_list("opportunity_bases")[0m
  [4;36;1mSQL (0.3ms)[0m   [0;1mPRAGMA index_list("players")[0m
  [4;35;1mSQL (0.2ms)[0m   [0mPRAGMA index_info('index_players_on_location_id_and_location_type')[0m
  [4;36;1mSQL (0.2ms)[0m   [0;1mPRAGMA index_info('index_players_on_account_id')[0m
  [4;35;1mSQL (0.3ms)[0m   [0mPRAGMA index_list("recipe_component_links")[0m
  [4;36;1mSQL (0.2ms)[0m   [0;1mPRAGMA index_info('index_recipe_component_links_on_recipe_component_id')[0m
  [4;35;1mSQL (0.2ms)[0m   [0mPRAGMA index_info('index_recipe_component_links_on_recipe_id')[0m
  [4;36;1mSQL (0.1ms)[0m   [0;1mPRAGMA index_list("recipe_components")[0m
  [4;35;1mSQL (0.3ms)[0m   [0mPRAGMA index_list("recipe_outcome_links")[0m
  [4;36;1mSQL (0.2ms)[0m   [0;1mPRAGMA index_info('index_recipe_outcome_links_on_recipe_outcome_id')[0m
  [4;35;1mSQL (0.2ms)[0m   [0mPRAGMA index_info('index_recipe_outcome_links_on_recipe_id')[0m
  [4;36;1mSQL (0.1ms)[0m   [0;1mPRAGMA index_list("recipe_outcomes")[0m
  [4;35;1mSQL (0.1ms)[0m   [0mPRAGMA index_list("recipes")[0m
  [4;36;1mSQL (0.4ms)[0m   [0;1m SELECT name
 FROM sqlite_master
 WHERE type = 'table' AND NOT name = 'sqlite_sequence'
[0m
  [4;35;1mSQL (0.2ms)[0m   [0mselect sqlite_version(*)[0m
  [4;36;1mSQL (5.8ms)[0m   [0;1mCREATE TABLE "schema_migrations" ("version" varchar(255) NOT NULL) [0m
  [4;35;1mSQL (1.9ms)[0m   [0mCREATE UNIQUE INDEX "unique_schema_migrations" ON "schema_migrations" ("version")[0m
  [4;36;1mSQL (0.2ms)[0m   [0;1m SELECT name
 FROM sqlite_master
 WHERE type = 'table' AND NOT name = 'sqlite_sequence'
[0m
  [4;35;1mSQL (0.2ms)[0m   [0mSELECT version FROM schema_migrations[0m
Migrating to AddOpenIdAuthenticationTables (20090327021030)
  [4;36;1mSQL (0.3ms)[0m   [0;1m SELECT name
 FROM sqlite_master
 WHERE type = 'table' AND NOT name = 'sqlite_sequence'
[0m
  [4;35;1mSQL (0.5ms)[0m   [0mCREATE TABLE "open_id_authentication_associations" ("id" INTEGER PRIMARY KEY AUTOINCREMENT NOT NULL, "issued" integer, "lifetime" integer, "handle" varchar(255), "assoc_type" varchar(255), "server_url" blob, "secret" blob) [0m
  [4;36;1mSQL (0.2ms)[0m   [0;1m SELECT name
 FROM sqlite_master
 WHERE type = 'table' AND NOT name = 'sqlite_sequence'
[0m
  [4;35;1mSQL (0.2ms)[0m   [0mCREATE TABLE "open_id_authentication_nonces" ("id" INTEGER PRIMARY KEY AUTOINCREMENT NOT NULL, "timestamp" integer NOT NULL, "server_url" varchar(255), "salt" varchar(255) NOT NULL) [0m
  [4;36;1mSQL (0.2ms)[0m   [0;1mINSERT INTO schema_migrations (version) VALUES ('20090327021030')[0m
Migrating to CreatePlayers (20090327024528)
  [4;35;1mSQL (0.5ms)[0m   [0mCREATE TABLE "players" ("id" INTEGER PRIMARY KEY AUTOINCREMENT NOT NULL, "account_id" integer NOT NULL, "name" varchar(255) NOT NULL, "location_id" integer, "location_type" varchar(255), "created_at" datetime NOT NULL, "updated_at" datetime NOT NULL) [0m
  [4;36;1mSQL (0.2ms)[0m   [0;1mCREATE INDEX "index_players_on_account_id" ON "players" ("account_id")[0m
  [4;35;1mSQL (0.2ms)[0m   [0mCREATE INDEX "index_players_on_location_id_and_location_type" ON "players" ("location_id", "location_type")[0m
  [4;36;1mSQL (0.1ms)[0m   [0;1mINSERT INTO schema_migrations (version) VALUES ('20090327024528')[0m
Migrating to CreateItems (20090327024745)
  [4;35;1mSQL (0.5ms)[0m   [0mCREATE TABLE "items" ("id" INTEGER PRIMARY KEY AUTOINCREMENT NOT NULL, "owner_id" integer, "owner_type" varchar(255), "item_base_id" integer NOT NULL, "created_at" datetime NOT NULL, "updated_at" datetime NOT NULL) [0m
  [4;36;1mSQL (0.2ms)[0m   [0;1mCREATE INDEX "index_items_on_owner_id_and_owner_type" ON "items" ("owner_id", "owner_type")[0m
  [4;35;1mSQL (0.1ms)[0m   [0mINSERT INTO schema_migrations (version) VALUES ('20090327024745')[0m
Migrating to CreateAreas (20090327024808)
  [4;36;1mSQL (0.5ms)[0m   [0;1mCREATE TABLE "areas" ("id" INTEGER PRIMARY KEY AUTOINCREMENT NOT NULL, "area_base_id" integer, "name" varchar(255), "created_at" datetime NOT NULL, "updated_at" datetime NOT NULL) [0m
  [4;35;1mSQL (0.1ms)[0m   [0mINSERT INTO schema_migrations (version) VALUES ('20090327024808')[0m
Migrating to CreateOpportunities (20090327024837)
  [4;36;1mSQL (0.5ms)[0m   [0;1mCREATE TABLE "opportunities" ("id" INTEGER PRIMARY KEY AUTOINCREMENT NOT NULL, "opportunity_base_id" integer NOT NULL, "area_id" integer NOT NULL, "created_at" datetime NOT NULL, "updated_at" datetime NOT NULL) [0m
  [4;35;1mSQL (0.2ms)[0m   [0mCREATE INDEX "index_opportunities_on_area_id" ON "opportunities" ("area_id")[0m
  [4;36;1mSQL (0.1ms)[0m   [0;1mINSERT INTO schema_migrations (version) VALUES ('20090327024837')[0m
Migrating to CreateAreaLinks (20090327025045)
  [4;35;1mSQL (0.5ms)[0m   [0mCREATE TABLE "area_links" ("id" INTEGER PRIMARY KEY AUTOINCREMENT NOT NULL, "area_id" integer NOT NULL, "linked_area_id" integer NOT NULL, "created_at" datetime NOT NULL, "updated_at" datetime NOT NULL) [0m
  [4;36;1mSQL (0.3ms)[0m   [0;1mCREATE INDEX "index_area_links_on_area_id" ON "area_links" ("area_id")[0m
  [4;35;1mSQL (0.1ms)[0m   [0mINSERT INTO schema_migrations (version) VALUES ('20090327025045')[0m
Migrating to CreateLoots (20090327025422)
  [4;36;1mSQL (0.7ms)[0m   [0;1mCREATE TABLE "loots" ("id" INTEGER PRIMARY KEY AUTOINCREMENT NOT NULL, "opportunity_base_id" integer NOT NULL, "item_base_id" integer NOT NULL, "weight" integer NOT NULL, "created_at" datetime NOT NULL, "updated_at" datetime NOT NULL) [0m
  [4;35;1mSQL (0.3ms)[0m   [0mCREATE INDEX "index_loots_on_opportunity_base_id_and_weight" ON "loots" ("opportunity_base_id", "weight")[0m
  [4;36;1mSQL (0.1ms)[0m   [0;1mINSERT INTO schema_migrations (version) VALUES ('20090327025422')[0m
Migrating to CreateRecipes (20090327025543)
  [4;35;1mSQL (0.5ms)[0m   [0mCREATE TABLE "recipes" ("id" INTEGER PRIMARY KEY AUTOINCREMENT NOT NULL, "name" varchar(255) NOT NULL, "created_at" datetime NOT NULL, "updated_at" datetime NOT NULL) [0m
  [4;36;1mSQL (0.2ms)[0m   [0;1mINSERT INTO schema_migrations (version) VALUES ('20090327025543')[0m
Migrating to CreateRecipeComponents (20090327025731)
  [4;35;1mSQL (0.5ms)[0m   [0mCREATE TABLE "recipe_components" ("id" INTEGER PRIMARY KEY AUTOINCREMENT NOT NULL, "recipe_id" integer NOT NULL, "item_base_id" integer NOT NULL, "created_at" datetime NOT NULL, "updated_at" datetime NOT NULL) [0m
  [4;36;1mSQL (0.1ms)[0m   [0;1mINSERT INTO schema_migrations (version) VALUES ('20090327025731')[0m
Migrating to CreateRecipeOutcomes (20090327025757)
  [4;35;1mSQL (0.7ms)[0m   [0mCREATE TABLE "recipe_outcomes" ("id" INTEGER PRIMARY KEY AUTOINCREMENT NOT NULL, "recipe_id" integer NOT NULL, "item_base_id" integer NOT NULL, "weight" integer NOT NULL, "created_at" datetime NOT NULL, "updated_at" datetime NOT NULL) [0m
  [4;36;1mSQL (0.3ms)[0m   [0;1mCREATE INDEX "index_recipe_outcomes_on_recipe_id" ON "recipe_outcomes" ("recipe_id")[0m
  [4;35;1mSQL (0.1ms)[0m   [0mINSERT INTO schema_migrations (version) VALUES ('20090327025757')[0m
Migrating to CreateItemBases (20090327030126)
  [4;36;1mSQL (0.5ms)[0m   [0;1mCREATE TABLE "item_bases" ("id" INTEGER PRIMARY KEY AUTOINCREMENT NOT NULL, "name" varchar(255) NOT NULL, "description" text NOT NULL, "created_at" datetime NOT NULL, "updated_at" datetime NOT NULL) [0m
  [4;35;1mSQL (0.2ms)[0m   [0mINSERT INTO schema_migrations (version) VALUES ('20090327030126')[0m
Migrating to CreateAreaBases (20090327030237)
  [4;36;1mSQL (0.5ms)[0m   [0;1mCREATE TABLE "area_bases" ("id" INTEGER PRIMARY KEY AUTOINCREMENT NOT NULL, "name" varchar(255) NOT NULL, "description" text NOT NULL, "created_at" datetime NOT NULL, "updated_at" datetime NOT NULL) [0m
  [4;35;1mSQL (0.1ms)[0m   [0mINSERT INTO schema_migrations (version) VALUES ('20090327030237')[0m
Migrating to CreateOpportunityBases (20090327030349)
  [4;36;1mSQL (0.5ms)[0m   [0;1mCREATE TABLE "opportunity_bases" ("id" INTEGER PRIMARY KEY AUTOINCREMENT NOT NULL, "name" varchar(255) NOT NULL, "description" text NOT NULL, "created_at" datetime NOT NULL, "updated_at" datetime NOT NULL) [0m
  [4;35;1mSQL (0.2ms)[0m   [0mINSERT INTO schema_migrations (version) VALUES ('20090327030349')[0m
Migrating to CreateAccounts (20090327030854)
  [4;36;1mSQL (0.5ms)[0m   [0;1mCREATE TABLE "accounts" ("id" INTEGER PRIMARY KEY AUTOINCREMENT NOT NULL, "email" varchar(255), "created_at" datetime NOT NULL, "updated_at" datetime NOT NULL) [0m
  [4;35;1mSQL (0.1ms)[0m   [0mINSERT INTO schema_migrations (version) VALUES ('20090327030854')[0m
Migrating to CreateLogins (20090327030912)
  [4;36;1mSQL (0.5ms)[0m   [0;1mCREATE TABLE "logins" ("id" INTEGER PRIMARY KEY AUTOINCREMENT NOT NULL, "account_id" integer NOT NULL, "created_at" datetime NOT NULL, "updated_at" datetime NOT NULL) [0m
  [4;35;1mSQL (0.2ms)[0m   [0mINSERT INTO schema_migrations (version) VALUES ('20090327030912')[0m
  [4;36;1mSQL (75.5ms)[0m   [0;1m SELECT name
 FROM sqlite_master
 WHERE type = 'table' AND NOT name = 'sqlite_sequence'
[0m
  [4;35;1mSQL (12.7ms)[0m   [0mSELECT version FROM schema_migrations[0m
  [4;36;1mSQL (1.0ms)[0m   [0;1m SELECT name
 FROM sqlite_master
 WHERE type = 'table' AND NOT name = 'sqlite_sequence'
[0m
  [4;35;1mSQL (0.1ms)[0m   [0mPRAGMA index_list("accounts")[0m
  [4;36;1mSQL (0.1ms)[0m   [0;1mPRAGMA index_list("area_bases")[0m
  [4;35;1mSQL (0.2ms)[0m   [0mPRAGMA index_list("area_links")[0m
  [4;36;1mSQL (0.2ms)[0m   [0;1mPRAGMA index_info('index_area_links_on_area_id')[0m
  [4;35;1mSQL (0.1ms)[0m   [0mPRAGMA index_list("areas")[0m
  [4;36;1mSQL (0.1ms)[0m   [0;1mPRAGMA index_list("item_bases")[0m
  [4;35;1mSQL (0.2ms)[0m   [0mPRAGMA index_list("items")[0m
  [4;36;1mSQL (0.2ms)[0m   [0;1mPRAGMA index_info('index_items_on_owner_id_and_owner_type')[0m
  [4;35;1mSQL (0.1ms)[0m   [0mPRAGMA index_list("logins")[0m
  [4;36;1mSQL (0.2ms)[0m   [0;1mPRAGMA index_list("loots")[0m
  [4;35;1mSQL (0.2ms)[0m   [0mPRAGMA index_info('index_loots_on_opportunity_base_id_and_weight')[0m
  [4;36;1mSQL (0.1ms)[0m   [0;1mPRAGMA index_list("open_id_authentication_associations")[0m
  [4;35;1mSQL (0.1ms)[0m   [0mPRAGMA index_list("open_id_authentication_nonces")[0m
  [4;36;1mSQL (0.2ms)[0m   [0;1mPRAGMA index_list("opportunities")[0m
  [4;35;1mSQL (0.2ms)[0m   [0mPRAGMA index_info('index_opportunities_on_area_id')[0m
  [4;36;1mSQL (0.1ms)[0m   [0;1mPRAGMA index_list("opportunity_bases")[0m
  [4;35;1mSQL (0.3ms)[0m   [0mPRAGMA index_list("players")[0m
  [4;36;1mSQL (0.2ms)[0m   [0;1mPRAGMA index_info('index_players_on_location_id_and_location_type')[0m
  [4;35;1mSQL (0.2ms)[0m   [0mPRAGMA index_info('index_players_on_account_id')[0m
  [4;36;1mSQL (0.1ms)[0m   [0;1mPRAGMA index_list("recipe_components")[0m
  [4;35;1mSQL (0.2ms)[0m   [0mPRAGMA index_list("recipe_outcomes")[0m
  [4;36;1mSQL (0.2ms)[0m   [0;1mPRAGMA index_info('index_recipe_outcomes_on_recipe_id')[0m
  [4;35;1mSQL (0.1ms)[0m   [0mPRAGMA index_list("recipes")[0m
  [4;36;1mSQL (0.4ms)[0m   [0;1m SELECT name
 FROM sqlite_master
 WHERE type = 'table' AND NOT name = 'sqlite_sequence'
[0m
  [4;35;1mSQL (0.2ms)[0m   [0mselect sqlite_version(*)[0m
  [4;36;1mSQL (3.0ms)[0m   [0;1mCREATE TABLE "schema_migrations" ("version" varchar(255) NOT NULL) [0m
  [4;35;1mSQL (1.9ms)[0m   [0mCREATE UNIQUE INDEX "unique_schema_migrations" ON "schema_migrations" ("version")[0m
  [4;36;1mSQL (0.2ms)[0m   [0;1m SELECT name
 FROM sqlite_master
 WHERE type = 'table' AND NOT name = 'sqlite_sequence'
[0m
  [4;35;1mSQL (0.2ms)[0m   [0mSELECT version FROM schema_migrations[0m
Migrating to AddOpenIdAuthenticationTables (20090327021030)
  [4;36;1mSQL (0.3ms)[0m   [0;1m SELECT name
 FROM sqlite_master
 WHERE type = 'table' AND NOT name = 'sqlite_sequence'
[0m
  [4;35;1mSQL (0.5ms)[0m   [0mCREATE TABLE "open_id_authentication_associations" ("id" INTEGER PRIMARY KEY AUTOINCREMENT NOT NULL, "issued" integer, "lifetime" integer, "handle" varchar(255), "assoc_type" varchar(255), "server_url" blob, "secret" blob) [0m
  [4;36;1mSQL (0.3ms)[0m   [0;1m SELECT name
 FROM sqlite_master
 WHERE type = 'table' AND NOT name = 'sqlite_sequence'
[0m
  [4;35;1mSQL (0.2ms)[0m   [0mCREATE TABLE "open_id_authentication_nonces" ("id" INTEGER PRIMARY KEY AUTOINCREMENT NOT NULL, "timestamp" integer NOT NULL, "server_url" varchar(255), "salt" varchar(255) NOT NULL) [0m
  [4;36;1mSQL (0.2ms)[0m   [0;1mINSERT INTO schema_migrations (version) VALUES ('20090327021030')[0m
Migrating to CreatePlayers (20090327024528)
  [4;35;1mSQL (0.5ms)[0m   [0mCREATE TABLE "players" ("id" INTEGER PRIMARY KEY AUTOINCREMENT NOT NULL, "account_id" integer NOT NULL, "name" varchar(255) NOT NULL, "location_id" integer, "location_type" varchar(255), "created_at" datetime NOT NULL, "updated_at" datetime NOT NULL) [0m
  [4;36;1mSQL (0.2ms)[0m   [0;1mCREATE INDEX "index_players_on_account_id" ON "players" ("account_id")[0m
  [4;35;1mSQL (0.2ms)[0m   [0mCREATE INDEX "index_players_on_location_id_and_location_type" ON "players" ("location_id", "location_type")[0m
  [4;36;1mSQL (0.2ms)[0m   [0;1mINSERT INTO schema_migrations (version) VALUES ('20090327024528')[0m
Migrating to CreateItems (20090327024745)
  [4;35;1mSQL (0.5ms)[0m   [0mCREATE TABLE "items" ("id" INTEGER PRIMARY KEY AUTOINCREMENT NOT NULL, "owner_id" integer, "owner_type" varchar(255), "item_base_id" integer NOT NULL, "created_at" datetime NOT NULL, "updated_at" datetime NOT NULL) [0m
  [4;36;1mSQL (0.3ms)[0m   [0;1mCREATE INDEX "index_items_on_owner_id_and_owner_type" ON "items" ("owner_id", "owner_type")[0m
  [4;35;1mSQL (0.1ms)[0m   [0mINSERT INTO schema_migrations (version) VALUES ('20090327024745')[0m
Migrating to CreateAreas (20090327024808)
  [4;36;1mSQL (0.5ms)[0m   [0;1mCREATE TABLE "areas" ("id" INTEGER PRIMARY KEY AUTOINCREMENT NOT NULL, "area_base_id" integer, "name" varchar(255), "created_at" datetime NOT NULL, "updated_at" datetime NOT NULL) [0m
  [4;35;1mSQL (0.2ms)[0m   [0mINSERT INTO schema_migrations (version) VALUES ('20090327024808')[0m
Migrating to CreateOpportunities (20090327024837)
  [4;36;1mSQL (0.6ms)[0m   [0;1mCREATE TABLE "opportunities" ("id" INTEGER PRIMARY KEY AUTOINCREMENT NOT NULL, "opportunity_base_id" integer NOT NULL, "area_id" integer NOT NULL, "created_at" datetime NOT NULL, "updated_at" datetime NOT NULL) [0m
  [4;35;1mSQL (0.3ms)[0m   [0mCREATE INDEX "index_opportunities_on_area_id" ON "opportunities" ("area_id")[0m
  [4;36;1mSQL (0.2ms)[0m   [0;1mINSERT INTO schema_migrations (version) VALUES ('20090327024837')[0m
Migrating to CreateAreaLinks (20090327025045)
  [4;35;1mSQL (0.4ms)[0m   [0mCREATE TABLE "area_links" ("id" INTEGER PRIMARY KEY AUTOINCREMENT NOT NULL, "area_id" integer NOT NULL, "linked_area_id" integer NOT NULL, "created_at" datetime NOT NULL, "updated_at" datetime NOT NULL) [0m
  [4;36;1mSQL (0.3ms)[0m   [0;1mCREATE INDEX "index_area_links_on_area_id" ON "area_links" ("area_id")[0m
  [4;35;1mSQL (0.1ms)[0m   [0mINSERT INTO schema_migrations (version) VALUES ('20090327025045')[0m
Migrating to CreateLoots (20090327025422)
  [4;36;1mSQL (0.5ms)[0m   [0;1mCREATE TABLE "loots" ("id" INTEGER PRIMARY KEY AUTOINCREMENT NOT NULL, "opportunity_base_id" integer NOT NULL, "item_base_id" integer NOT NULL, "weight" integer NOT NULL, "created_at" datetime NOT NULL, "updated_at" datetime NOT NULL) [0m
  [4;35;1mSQL (0.2ms)[0m   [0mCREATE INDEX "index_loots_on_opportunity_base_id_and_weight" ON "loots" ("opportunity_base_id", "weight")[0m
  [4;36;1mSQL (0.1ms)[0m   [0;1mINSERT INTO schema_migrations (version) VALUES ('20090327025422')[0m
Migrating to CreateRecipes (20090327025543)
  [4;35;1mSQL (0.8ms)[0m   [0mCREATE TABLE "recipes" ("id" INTEGER PRIMARY KEY AUTOINCREMENT NOT NULL, "name" varchar(255) NOT NULL, "created_at" datetime NOT NULL, "updated_at" datetime NOT NULL) [0m
  [4;36;1mSQL (0.2ms)[0m   [0;1mINSERT INTO schema_migrations (version) VALUES ('20090327025543')[0m
Migrating to CreateRecipeComponents (20090327025731)
  [4;35;1mSQL (0.7ms)[0m   [0mCREATE TABLE "recipe_components" ("id" INTEGER PRIMARY KEY AUTOINCREMENT NOT NULL, "recipe_id" integer NOT NULL, "item_base_id" integer NOT NULL, "created_at" datetime NOT NULL, "updated_at" datetime NOT NULL) [0m
  [4;36;1mSQL (0.1ms)[0m   [0;1mINSERT INTO schema_migrations (version) VALUES ('20090327025731')[0m
Migrating to CreateRecipeOutcomes (20090327025757)
  [4;35;1mSQL (0.5ms)[0m   [0mCREATE TABLE "recipe_outcomes" ("id" INTEGER PRIMARY KEY AUTOINCREMENT NOT NULL, "recipe_id" integer NOT NULL, "item_base_id" integer NOT NULL, "weight" integer NOT NULL, "created_at" datetime NOT NULL, "updated_at" datetime NOT NULL) [0m
  [4;36;1mSQL (0.2ms)[0m   [0;1mCREATE INDEX "index_recipe_outcomes_on_recipe_id_and_weight" ON "recipe_outcomes" ("recipe_id", "weight")[0m
  [4;35;1mSQL (0.1ms)[0m   [0mINSERT INTO schema_migrations (version) VALUES ('20090327025757')[0m
Migrating to CreateItemBases (20090327030126)
  [4;36;1mSQL (0.6ms)[0m   [0;1mCREATE TABLE "item_bases" ("id" INTEGER PRIMARY KEY AUTOINCREMENT NOT NULL, "name" varchar(255) NOT NULL, "description" text NOT NULL, "created_at" datetime NOT NULL, "updated_at" datetime NOT NULL) [0m
  [4;35;1mSQL (0.2ms)[0m   [0mINSERT INTO schema_migrations (version) VALUES ('20090327030126')[0m
Migrating to CreateAreaBases (20090327030237)
  [4;36;1mSQL (0.5ms)[0m   [0;1mCREATE TABLE "area_bases" ("id" INTEGER PRIMARY KEY AUTOINCREMENT NOT NULL, "name" varchar(255) NOT NULL, "description" text NOT NULL, "created_at" datetime NOT NULL, "updated_at" datetime NOT NULL) [0m
  [4;35;1mSQL (0.1ms)[0m   [0mINSERT INTO schema_migrations (version) VALUES ('20090327030237')[0m
Migrating to CreateOpportunityBases (20090327030349)
  [4;36;1mSQL (0.7ms)[0m   [0;1mCREATE TABLE "opportunity_bases" ("id" INTEGER PRIMARY KEY AUTOINCREMENT NOT NULL, "name" varchar(255) NOT NULL, "description" text NOT NULL, "created_at" datetime NOT NULL, "updated_at" datetime NOT NULL) [0m
  [4;35;1mSQL (0.7ms)[0m   [0mINSERT INTO schema_migrations (version) VALUES ('20090327030349')[0m
Migrating to CreateAccounts (20090327030854)
  [4;36;1mSQL (0.6ms)[0m   [0;1mCREATE TABLE "accounts" ("id" INTEGER PRIMARY KEY AUTOINCREMENT NOT NULL, "email" varchar(255), "created_at" datetime NOT NULL, "updated_at" datetime NOT NULL) [0m
  [4;35;1mSQL (0.2ms)[0m   [0mINSERT INTO schema_migrations (version) VALUES ('20090327030854')[0m
Migrating to CreateLogins (20090327030912)
  [4;36;1mSQL (0.5ms)[0m   [0;1mCREATE TABLE "logins" ("id" INTEGER PRIMARY KEY AUTOINCREMENT NOT NULL, "account_id" integer NOT NULL, "created_at" datetime NOT NULL, "updated_at" datetime NOT NULL) [0m
  [4;35;1mSQL (0.2ms)[0m   [0mINSERT INTO schema_migrations (version) VALUES ('20090327030912')[0m
  [4;36;1mSQL (74.6ms)[0m   [0;1m SELECT name
 FROM sqlite_master
 WHERE type = 'table' AND NOT name = 'sqlite_sequence'
[0m
  [4;35;1mSQL (13.0ms)[0m   [0mSELECT version FROM schema_migrations[0m
  [4;36;1mSQL (0.9ms)[0m   [0;1m SELECT name
 FROM sqlite_master
 WHERE type = 'table' AND NOT name = 'sqlite_sequence'
[0m
  [4;35;1mSQL (0.1ms)[0m   [0mPRAGMA index_list("accounts")[0m
  [4;36;1mSQL (0.1ms)[0m   [0;1mPRAGMA index_list("area_bases")[0m
  [4;35;1mSQL (0.2ms)[0m   [0mPRAGMA index_list("area_links")[0m
  [4;36;1mSQL (0.2ms)[0m   [0;1mPRAGMA index_info('index_area_links_on_area_id')[0m
  [4;35;1mSQL (0.1ms)[0m   [0mPRAGMA index_list("areas")[0m
  [4;36;1mSQL (0.1ms)[0m   [0;1mPRAGMA index_list("item_bases")[0m
  [4;35;1mSQL (0.3ms)[0m   [0mPRAGMA index_list("items")[0m
  [4;36;1mSQL (0.2ms)[0m   [0;1mPRAGMA index_info('index_items_on_owner_id_and_owner_type')[0m
  [4;35;1mSQL (0.1ms)[0m   [0mPRAGMA index_list("logins")[0m
  [4;36;1mSQL (0.2ms)[0m   [0;1mPRAGMA index_list("loots")[0m
  [4;35;1mSQL (0.2ms)[0m   [0mPRAGMA index_info('index_loots_on_opportunity_base_id_and_weight')[0m
  [4;36;1mSQL (0.1ms)[0m   [0;1mPRAGMA index_list("open_id_authentication_associations")[0m
  [4;35;1mSQL (0.1ms)[0m   [0mPRAGMA index_list("open_id_authentication_nonces")[0m
  [4;36;1mSQL (0.2ms)[0m   [0;1mPRAGMA index_list("opportunities")[0m
  [4;35;1mSQL (0.2ms)[0m   [0mPRAGMA index_info('index_opportunities_on_area_id')[0m
  [4;36;1mSQL (0.1ms)[0m   [0;1mPRAGMA index_list("opportunity_bases")[0m
  [4;35;1mSQL (0.3ms)[0m   [0mPRAGMA index_list("players")[0m
  [4;36;1mSQL (0.2ms)[0m   [0;1mPRAGMA index_info('index_players_on_location_id_and_location_type')[0m
  [4;35;1mSQL (0.2ms)[0m   [0mPRAGMA index_info('index_players_on_account_id')[0m
  [4;36;1mSQL (0.1ms)[0m   [0;1mPRAGMA index_list("recipe_components")[0m
  [4;35;1mSQL (0.2ms)[0m   [0mPRAGMA index_list("recipe_outcomes")[0m
  [4;36;1mSQL (0.2ms)[0m   [0;1mPRAGMA index_info('index_recipe_outcomes_on_recipe_id_and_weight')[0m
  [4;35;1mSQL (0.1ms)[0m   [0mPRAGMA index_list("recipes")[0m
  [4;36;1mSQL (0.5ms)[0m   [0;1m SELECT name
 FROM sqlite_master
 WHERE type = 'table' AND NOT name = 'sqlite_sequence'
[0m
  [4;35;1mSQL (0.2ms)[0m   [0mselect sqlite_version(*)[0m
  [4;36;1mSQL (6.7ms)[0m   [0;1mCREATE TABLE "schema_migrations" ("version" varchar(255) NOT NULL) [0m
  [4;35;1mSQL (1.9ms)[0m   [0mCREATE UNIQUE INDEX "unique_schema_migrations" ON "schema_migrations" ("version")[0m
  [4;36;1mSQL (0.2ms)[0m   [0;1m SELECT name
 FROM sqlite_master
 WHERE type = 'table' AND NOT name = 'sqlite_sequence'
[0m
  [4;35;1mSQL (0.2ms)[0m   [0mSELECT version FROM schema_migrations[0m
Migrating to AddOpenIdAuthenticationTables (20090327021030)
  [4;36;1mSQL (0.3ms)[0m   [0;1m SELECT name
 FROM sqlite_master
 WHERE type = 'table' AND NOT name = 'sqlite_sequence'
[0m
  [4;35;1mSQL (0.5ms)[0m   [0mCREATE TABLE "open_id_authentication_associations" ("id" INTEGER PRIMARY KEY AUTOINCREMENT NOT NULL, "issued" integer, "lifetime" integer, "handle" varchar(255), "assoc_type" varchar(255), "server_url" blob, "secret" blob) [0m
  [4;36;1mSQL (0.3ms)[0m   [0;1m SELECT name
 FROM sqlite_master
 WHERE type = 'table' AND NOT name = 'sqlite_sequence'
[0m
  [4;35;1mSQL (0.2ms)[0m   [0mCREATE TABLE "open_id_authentication_nonces" ("id" INTEGER PRIMARY KEY AUTOINCREMENT NOT NULL, "timestamp" integer NOT NULL, "server_url" varchar(255), "salt" varchar(255) NOT NULL) [0m
  [4;36;1mSQL (0.2ms)[0m   [0;1mINSERT INTO schema_migrations (version) VALUES ('20090327021030')[0m
Migrating to CreatePlayers (20090327024528)
  [4;35;1mSQL (0.5ms)[0m   [0mCREATE TABLE "players" ("id" INTEGER PRIMARY KEY AUTOINCREMENT NOT NULL, "account_id" integer NOT NULL, "name" varchar(255) NOT NULL, "location_id" integer, "location_type" varchar(255), "created_at" datetime NOT NULL, "updated_at" datetime NOT NULL) [0m
  [4;36;1mSQL (0.2ms)[0m   [0;1mCREATE INDEX "index_players_on_account_id" ON "players" ("account_id")[0m
  [4;35;1mSQL (0.2ms)[0m   [0mCREATE INDEX "index_players_on_location_id_and_location_type" ON "players" ("location_id", "location_type")[0m
  [4;36;1mSQL (0.1ms)[0m   [0;1mINSERT INTO schema_migrations (version) VALUES ('20090327024528')[0m
Migrating to CreateItems (20090327024745)
  [4;35;1mSQL (0.5ms)[0m   [0mCREATE TABLE "items" ("id" INTEGER PRIMARY KEY AUTOINCREMENT NOT NULL, "owner_id" integer, "owner_type" varchar(255), "item_base_id" integer NOT NULL, "created_at" datetime NOT NULL, "updated_at" datetime NOT NULL) [0m
  [4;36;1mSQL (0.2ms)[0m   [0;1mCREATE INDEX "index_items_on_owner_id_and_owner_type" ON "items" ("owner_id", "owner_type")[0m
  [4;35;1mSQL (0.1ms)[0m   [0mINSERT INTO schema_migrations (version) VALUES ('20090327024745')[0m
Migrating to CreateAreas (20090327024808)
  [4;36;1mSQL (0.5ms)[0m   [0;1mCREATE TABLE "areas" ("id" INTEGER PRIMARY KEY AUTOINCREMENT NOT NULL, "area_base_id" integer, "name" varchar(255), "created_at" datetime NOT NULL, "updated_at" datetime NOT NULL) [0m
  [4;35;1mSQL (0.1ms)[0m   [0mINSERT INTO schema_migrations (version) VALUES ('20090327024808')[0m
Migrating to CreateOpportunities (20090327024837)
  [4;36;1mSQL (0.5ms)[0m   [0;1mCREATE TABLE "opportunities" ("id" INTEGER PRIMARY KEY AUTOINCREMENT NOT NULL, "opportunity_base_id" integer NOT NULL, "area_id" integer NOT NULL, "created_at" datetime NOT NULL, "updated_at" datetime NOT NULL) [0m
  [4;35;1mSQL (0.3ms)[0m   [0mCREATE INDEX "index_opportunities_on_area_id" ON "opportunities" ("area_id")[0m
  [4;36;1mSQL (0.2ms)[0m   [0;1mINSERT INTO schema_migrations (version) VALUES ('20090327024837')[0m
Migrating to CreateAreaLinks (20090327025045)
  [4;35;1mSQL (0.6ms)[0m   [0mCREATE TABLE "area_links" ("id" INTEGER PRIMARY KEY AUTOINCREMENT NOT NULL, "area_id" integer NOT NULL, "linked_area_id" integer NOT NULL, "created_at" datetime NOT NULL, "updated_at" datetime NOT NULL) [0m
  [4;36;1mSQL (0.4ms)[0m   [0;1mCREATE INDEX "index_area_links_on_area_id" ON "area_links" ("area_id")[0m
  [4;35;1mSQL (0.2ms)[0m   [0mINSERT INTO schema_migrations (version) VALUES ('20090327025045')[0m
Migrating to CreateLoots (20090327025422)
  [4;36;1mSQL (0.5ms)[0m   [0;1mCREATE TABLE "loots" ("id" INTEGER PRIMARY KEY AUTOINCREMENT NOT NULL, "opportunity_base_id" integer NOT NULL, "item_base_id" integer NOT NULL, "weight" integer NOT NULL, "created_at" datetime NOT NULL, "updated_at" datetime NOT NULL) [0m
  [4;35;1mSQL (0.2ms)[0m   [0mCREATE INDEX "index_loots_on_opportunity_base_id_and_weight" ON "loots" ("opportunity_base_id", "weight")[0m
  [4;36;1mSQL (0.1ms)[0m   [0;1mINSERT INTO schema_migrations (version) VALUES ('20090327025422')[0m
Migrating to CreateRecipes (20090327025543)
  [4;35;1mSQL (0.5ms)[0m   [0mCREATE TABLE "recipes" ("id" INTEGER PRIMARY KEY AUTOINCREMENT NOT NULL, "name" varchar(255) NOT NULL, "created_at" datetime NOT NULL, "updated_at" datetime NOT NULL) [0m
  [4;36;1mSQL (0.2ms)[0m   [0;1mINSERT INTO schema_migrations (version) VALUES ('20090327025543')[0m
Migrating to CreateRecipeComponents (20090327025731)
  [4;35;1mSQL (0.5ms)[0m   [0mCREATE TABLE "recipe_components" ("id" INTEGER PRIMARY KEY AUTOINCREMENT NOT NULL, "recipe_id" integer NOT NULL, "item_base_id" integer NOT NULL, "created_at" datetime NOT NULL, "updated_at" datetime NOT NULL) [0m
  [4;36;1mSQL (0.1ms)[0m   [0;1mINSERT INTO schema_migrations (version) VALUES ('20090327025731')[0m
Migrating to CreateRecipeOutcomes (20090327025757)
  [4;35;1mSQL (0.7ms)[0m   [0mCREATE TABLE "recipe_outcomes" ("id" INTEGER PRIMARY KEY AUTOINCREMENT NOT NULL, "recipe_id" integer NOT NULL, "item_base_id" integer NOT NULL, "weight" integer NOT NULL, "created_at" datetime NOT NULL, "updated_at" datetime NOT NULL) [0m
  [4;36;1mSQL (0.3ms)[0m   [0;1mCREATE INDEX "index_recipe_outcomes_on_recipe_id_and_weight" ON "recipe_outcomes" ("recipe_id", "weight")[0m
  [4;35;1mSQL (0.5ms)[0m   [0mINSERT INTO schema_migrations (version) VALUES ('20090327025757')[0m
Migrating to CreateItemBases (20090327030126)
  [4;36;1mSQL (0.5ms)[0m   [0;1mCREATE TABLE "item_bases" ("id" INTEGER PRIMARY KEY AUTOINCREMENT NOT NULL, "name" varchar(255) NOT NULL, "description" text NOT NULL, "created_at" datetime NOT NULL, "updated_at" datetime NOT NULL) [0m
  [4;35;1mSQL (0.2ms)[0m   [0mINSERT INTO schema_migrations (version) VALUES ('20090327030126')[0m
Migrating to CreateAreaBases (20090327030237)
  [4;36;1mSQL (0.6ms)[0m   [0;1mCREATE TABLE "area_bases" ("id" INTEGER PRIMARY KEY AUTOINCREMENT NOT NULL, "name" varchar(255) NOT NULL, "description" text NOT NULL, "created_at" datetime NOT NULL, "updated_at" datetime NOT NULL) [0m
  [4;35;1mSQL (0.1ms)[0m   [0mINSERT INTO schema_migrations (version) VALUES ('20090327030237')[0m
Migrating to CreateOpportunityBases (20090327030349)
  [4;36;1mSQL (0.5ms)[0m   [0;1mCREATE TABLE "opportunity_bases" ("id" INTEGER PRIMARY KEY AUTOINCREMENT NOT NULL, "name" varchar(255) NOT NULL, "description" text NOT NULL, "created_at" datetime NOT NULL, "updated_at" datetime NOT NULL) [0m
  [4;35;1mSQL (0.1ms)[0m   [0mINSERT INTO schema_migrations (version) VALUES ('20090327030349')[0m
Migrating to CreateAccounts (20090327030854)
  [4;36;1mSQL (0.6ms)[0m   [0;1mCREATE TABLE "accounts" ("id" INTEGER PRIMARY KEY AUTOINCREMENT NOT NULL, "email" varchar(255), "created_at" datetime NOT NULL, "updated_at" datetime NOT NULL) [0m
  [4;35;1mSQL (0.2ms)[0m   [0mINSERT INTO schema_migrations (version) VALUES ('20090327030854')[0m
Migrating to CreateLogins (20090327030912)
  [4;36;1mSQL (0.5ms)[0m   [0;1mCREATE TABLE "logins" ("id" INTEGER PRIMARY KEY AUTOINCREMENT NOT NULL, "account_id" integer NOT NULL, "created_at" datetime NOT NULL, "updated_at" datetime NOT NULL) [0m
  [4;35;1mSQL (0.2ms)[0m   [0mINSERT INTO schema_migrations (version) VALUES ('20090327030912')[0m
  [4;36;1mSQL (72.9ms)[0m   [0;1m SELECT name
 FROM sqlite_master
 WHERE type = 'table' AND NOT name = 'sqlite_sequence'
[0m
  [4;35;1mSQL (14.4ms)[0m   [0mSELECT version FROM schema_migrations[0m
  [4;36;1mSQL (1.1ms)[0m   [0;1m SELECT name
 FROM sqlite_master
 WHERE type = 'table' AND NOT name = 'sqlite_sequence'
[0m
  [4;35;1mSQL (0.1ms)[0m   [0mPRAGMA index_list("accounts")[0m
  [4;36;1mSQL (0.1ms)[0m   [0;1mPRAGMA index_list("area_bases")[0m
  [4;35;1mSQL (0.2ms)[0m   [0mPRAGMA index_list("area_links")[0m
  [4;36;1mSQL (0.2ms)[0m   [0;1mPRAGMA index_info('index_area_links_on_area_id')[0m
  [4;35;1mSQL (0.1ms)[0m   [0mPRAGMA index_list("areas")[0m
  [4;36;1mSQL (0.1ms)[0m   [0;1mPRAGMA index_list("item_bases")[0m
  [4;35;1mSQL (0.2ms)[0m   [0mPRAGMA index_list("items")[0m
  [4;36;1mSQL (0.3ms)[0m   [0;1mPRAGMA index_info('index_items_on_owner_id_and_owner_type')[0m
  [4;35;1mSQL (0.1ms)[0m   [0mPRAGMA index_list("logins")[0m
  [4;36;1mSQL (0.2ms)[0m   [0;1mPRAGMA index_list("loots")[0m
  [4;35;1mSQL (0.2ms)[0m   [0mPRAGMA index_info('index_loots_on_opportunity_base_id_and_weight')[0m
  [4;36;1mSQL (0.1ms)[0m   [0;1mPRAGMA index_list("open_id_authentication_associations")[0m
  [4;35;1mSQL (0.1ms)[0m   [0mPRAGMA index_list("open_id_authentication_nonces")[0m
  [4;36;1mSQL (0.2ms)[0m   [0;1mPRAGMA index_list("opportunities")[0m
  [4;35;1mSQL (0.2ms)[0m   [0mPRAGMA index_info('index_opportunities_on_area_id')[0m
  [4;36;1mSQL (0.1ms)[0m   [0;1mPRAGMA index_list("opportunity_bases")[0m
  [4;35;1mSQL (0.3ms)[0m   [0mPRAGMA index_list("players")[0m
  [4;36;1mSQL (0.2ms)[0m   [0;1mPRAGMA index_info('index_players_on_location_id_and_location_type')[0m
  [4;35;1mSQL (0.2ms)[0m   [0mPRAGMA index_info('index_players_on_account_id')[0m
  [4;36;1mSQL (0.1ms)[0m   [0;1mPRAGMA index_list("recipe_components")[0m
  [4;35;1mSQL (0.2ms)[0m   [0mPRAGMA index_list("recipe_outcomes")[0m
  [4;36;1mSQL (0.2ms)[0m   [0;1mPRAGMA index_info('index_recipe_outcomes_on_recipe_id_and_weight')[0m
  [4;35;1mSQL (0.4ms)[0m   [0mPRAGMA index_list("recipes")[0m
  [4;36;1mAccount Create (0.6ms)[0m   [0;1mINSERT INTO "accounts" ("updated_at", "email", "created_at") VALUES('2009-03-27 05:54:54', NULL, '2009-03-27 05:54:54')[0m
  [4;35;1mItemBase Create (0.3ms)[0m   [0mINSERT INTO "item_bases" ("name", "updated_at", "description", "created_at") VALUES('berry', '2009-03-27 05:54:54', 'This berry looks delicious.', '2009-03-27 05:54:54')[0m
  [4;36;1mAreaBase Create (0.3ms)[0m   [0;1mINSERT INTO "area_bases" ("name", "updated_at", "description", "created_at") VALUES('plains', '2009-03-27 05:54:54', 'Grassland as far as the eye can see!', '2009-03-27 05:54:54')[0m
  [4;35;1mAreaBase Load (0.4ms)[0m   [0mSELECT * FROM "area_bases" WHERE ("area_bases"."id" = 1) [0m
  [4;36;1mArea Create (0.3ms)[0m   [0;1mINSERT INTO "areas" ("name", "updated_at", "area_base_id", "created_at") VALUES('Tor', '2009-03-27 05:54:54', 1, '2009-03-27 05:54:54')[0m
  [4;35;1mArea Load (0.4ms)[0m   [0mSELECT * FROM "areas" WHERE ("areas".area_base_id = 1) [0m
  [4;36;1mAccount Create (0.6ms)[0m   [0;1mINSERT INTO "accounts" ("updated_at", "email", "created_at") VALUES('2009-03-27 05:57:07', NULL, '2009-03-27 05:57:07')[0m
  [4;35;1mItemBase Create (0.3ms)[0m   [0mINSERT INTO "item_bases" ("name", "updated_at", "description", "created_at") VALUES('berry', '2009-03-27 05:57:07', 'This berry looks delicious.', '2009-03-27 05:57:07')[0m
  [4;36;1mAreaBase Create (0.3ms)[0m   [0;1mINSERT INTO "area_bases" ("name", "updated_at", "description", "created_at") VALUES('plains', '2009-03-27 05:57:07', 'Grassland as far as the eye can see!', '2009-03-27 05:57:07')[0m
  [4;35;1mAreaBase Load (0.4ms)[0m   [0mSELECT * FROM "area_bases" WHERE ("area_bases"."id" = 2) [0m
  [4;36;1mArea Create (0.3ms)[0m   [0;1mINSERT INTO "areas" ("name", "updated_at", "area_base_id", "created_at") VALUES('Tor', '2009-03-27 05:57:07', 2, '2009-03-27 05:57:07')[0m
  [4;35;1mOpportunityBase Create (0.3ms)[0m   [0mINSERT INTO "opportunity_bases" ("name", "updated_at", "description", "created_at") VALUES('bush', '2009-03-27 05:57:07', 'Looks like a pretty standard bush.', '2009-03-27 05:57:07')[0m
  [4;36;1mOpportunityBase Load (0.4ms)[0m   [0;1mSELECT * FROM "opportunity_bases" WHERE ("opportunity_bases"."id" = 1) [0m
  [4;35;1mLoot Create (0.3ms)[0m   [0mINSERT INTO "loots" ("item_base_id", "updated_at", "weight", "opportunity_base_id", "created_at") VALUES(2, '2009-03-27 05:57:07', 100, 1, '2009-03-27 05:57:07')[0m
  [4;36;1mOpportunity Create (0.2ms)[0m   [0;1mINSERT INTO "opportunities" ("updated_at", "area_id", "opportunity_base_id", "created_at") VALUES('2009-03-27 05:57:07', 2, 1, '2009-03-27 05:57:07')[0m
  [4;35;1mAreaBase Load (0.4ms)[0m   [0mSELECT * FROM "area_bases" WHERE ("area_bases"."id" = 2) [0m
  [4;36;1mArea Create (0.3ms)[0m   [0;1mINSERT INTO "areas" ("name", "updated_at", "area_base_id", "created_at") VALUES('Tyr', '2009-03-27 05:57:07', 2, '2009-03-27 05:57:07')[0m
  [4;35;1mOpportunity Create (0.3ms)[0m   [0mINSERT INTO "opportunities" ("updated_at", "area_id", "opportunity_base_id", "created_at") VALUES('2009-03-27 05:57:07', 3, 1, '2009-03-27 05:57:07')[0m
  [4;36;1mSQL (0.5ms)[0m   [0;1m SELECT name
 FROM sqlite_master
 WHERE type = 'table' AND NOT name = 'sqlite_sequence'
[0m
  [4;35;1mSQL (0.2ms)[0m   [0mselect sqlite_version(*)[0m
  [4;36;1mSQL (5.4ms)[0m   [0;1mCREATE TABLE "schema_migrations" ("version" varchar(255) NOT NULL) [0m
  [4;35;1mSQL (1.9ms)[0m   [0mCREATE UNIQUE INDEX "unique_schema_migrations" ON "schema_migrations" ("version")[0m
  [4;36;1mSQL (0.2ms)[0m   [0;1m SELECT name
 FROM sqlite_master
 WHERE type = 'table' AND NOT name = 'sqlite_sequence'
[0m
  [4;35;1mSQL (0.2ms)[0m   [0mSELECT version FROM schema_migrations[0m
Migrating to AddOpenIdAuthenticationTables (20090327021030)
  [4;36;1mSQL (0.3ms)[0m   [0;1m SELECT name
 FROM sqlite_master
 WHERE type = 'table' AND NOT name = 'sqlite_sequence'
[0m
  [4;35;1mSQL (0.5ms)[0m   [0mCREATE TABLE "open_id_authentication_associations" ("id" INTEGER PRIMARY KEY AUTOINCREMENT NOT NULL, "issued" integer, "lifetime" integer, "handle" varchar(255), "assoc_type" varchar(255), "server_url" blob, "secret" blob) [0m
  [4;36;1mSQL (0.3ms)[0m   [0;1m SELECT name
 FROM sqlite_master
 WHERE type = 'table' AND NOT name = 'sqlite_sequence'
[0m
  [4;35;1mSQL (0.2ms)[0m   [0mCREATE TABLE "open_id_authentication_nonces" ("id" INTEGER PRIMARY KEY AUTOINCREMENT NOT NULL, "timestamp" integer NOT NULL, "server_url" varchar(255), "salt" varchar(255) NOT NULL) [0m
  [4;36;1mSQL (0.2ms)[0m   [0;1mINSERT INTO schema_migrations (version) VALUES ('20090327021030')[0m
Migrating to CreatePlayers (20090327024528)
  [4;35;1mSQL (0.5ms)[0m   [0mCREATE TABLE "players" ("id" INTEGER PRIMARY KEY AUTOINCREMENT NOT NULL, "account_id" integer NOT NULL, "name" varchar(255) NOT NULL, "location_id" integer, "location_type" varchar(255), "created_at" datetime NOT NULL, "updated_at" datetime NOT NULL) [0m
  [4;36;1mSQL (0.2ms)[0m   [0;1mCREATE INDEX "index_players_on_account_id" ON "players" ("account_id")[0m
  [4;35;1mSQL (0.2ms)[0m   [0mCREATE INDEX "index_players_on_location_id_and_location_type" ON "players" ("location_id", "location_type")[0m
  [4;36;1mSQL (0.2ms)[0m   [0;1mINSERT INTO schema_migrations (version) VALUES ('20090327024528')[0m
Migrating to CreateItems (20090327024745)
  [4;35;1mSQL (0.5ms)[0m   [0mCREATE TABLE "items" ("id" INTEGER PRIMARY KEY AUTOINCREMENT NOT NULL, "owner_id" integer, "owner_type" varchar(255), "item_base_id" integer NOT NULL, "created_at" datetime NOT NULL, "updated_at" datetime NOT NULL) [0m
  [4;36;1mSQL (0.2ms)[0m   [0;1mCREATE INDEX "index_items_on_owner_id_and_owner_type" ON "items" ("owner_id", "owner_type")[0m
  [4;35;1mSQL (0.1ms)[0m   [0mINSERT INTO schema_migrations (version) VALUES ('20090327024745')[0m
Migrating to CreateAreas (20090327024808)
  [4;36;1mSQL (0.5ms)[0m   [0;1mCREATE TABLE "areas" ("id" INTEGER PRIMARY KEY AUTOINCREMENT NOT NULL, "area_base_id" integer, "name" varchar(255), "created_at" datetime NOT NULL, "updated_at" datetime NOT NULL) [0m
  [4;35;1mSQL (0.1ms)[0m   [0mINSERT INTO schema_migrations (version) VALUES ('20090327024808')[0m
Migrating to CreateOpportunities (20090327024837)
  [4;36;1mSQL (0.5ms)[0m   [0;1mCREATE TABLE "opportunities" ("id" INTEGER PRIMARY KEY AUTOINCREMENT NOT NULL, "opportunity_base_id" integer NOT NULL, "area_id" integer NOT NULL, "created_at" datetime NOT NULL, "updated_at" datetime NOT NULL) [0m
  [4;35;1mSQL (0.2ms)[0m   [0mCREATE INDEX "index_opportunities_on_area_id" ON "opportunities" ("area_id")[0m
  [4;36;1mSQL (0.1ms)[0m   [0;1mINSERT INTO schema_migrations (version) VALUES ('20090327024837')[0m
Migrating to CreateAreaLinks (20090327025045)
  [4;35;1mSQL (0.6ms)[0m   [0mCREATE TABLE "area_links" ("id" INTEGER PRIMARY KEY AUTOINCREMENT NOT NULL, "area_id" integer NOT NULL, "linked_area_id" integer NOT NULL, "created_at" datetime NOT NULL, "updated_at" datetime NOT NULL) [0m
  [4;36;1mSQL (0.3ms)[0m   [0;1mCREATE INDEX "index_area_links_on_area_id" ON "area_links" ("area_id")[0m
  [4;35;1mSQL (0.1ms)[0m   [0mINSERT INTO schema_migrations (version) VALUES ('20090327025045')[0m
Migrating to CreateLoots (20090327025422)
  [4;36;1mSQL (0.5ms)[0m   [0;1mCREATE TABLE "loots" ("id" INTEGER PRIMARY KEY AUTOINCREMENT NOT NULL, "opportunity_base_id" integer NOT NULL, "item_base_id" integer NOT NULL, "weight" integer NOT NULL, "created_at" datetime NOT NULL, "updated_at" datetime NOT NULL) [0m
  [4;35;1mSQL (0.2ms)[0m   [0mCREATE INDEX "index_loots_on_opportunity_base_id_and_weight" ON "loots" ("opportunity_base_id", "weight")[0m
  [4;36;1mSQL (0.1ms)[0m   [0;1mINSERT INTO schema_migrations (version) VALUES ('20090327025422')[0m
Migrating to CreateRecipes (20090327025543)
  [4;35;1mSQL (0.5ms)[0m   [0mCREATE TABLE "recipes" ("id" INTEGER PRIMARY KEY AUTOINCREMENT NOT NULL, "name" varchar(255) NOT NULL, "created_at" datetime NOT NULL, "updated_at" datetime NOT NULL) [0m
  [4;36;1mSQL (0.2ms)[0m   [0;1mINSERT INTO schema_migrations (version) VALUES ('20090327025543')[0m
Migrating to CreateRecipeComponents (20090327025731)
  [4;35;1mSQL (0.5ms)[0m   [0mCREATE TABLE "recipe_components" ("id" INTEGER PRIMARY KEY AUTOINCREMENT NOT NULL, "recipe_id" integer NOT NULL, "item_base_id" integer NOT NULL, "created_at" datetime NOT NULL, "updated_at" datetime NOT NULL) [0m
  [4;36;1mSQL (0.1ms)[0m   [0;1mINSERT INTO schema_migrations (version) VALUES ('20090327025731')[0m
Migrating to CreateRecipeOutcomes (20090327025757)
  [4;35;1mSQL (0.7ms)[0m   [0mCREATE TABLE "recipe_outcomes" ("id" INTEGER PRIMARY KEY AUTOINCREMENT NOT NULL, "recipe_id" integer NOT NULL, "item_base_id" integer NOT NULL, "weight" integer NOT NULL, "created_at" datetime NOT NULL, "updated_at" datetime NOT NULL) [0m
  [4;36;1mSQL (0.3ms)[0m   [0;1mCREATE INDEX "index_recipe_outcomes_on_recipe_id_and_weight" ON "recipe_outcomes" ("recipe_id", "weight")[0m
  [4;35;1mSQL (0.1ms)[0m   [0mINSERT INTO schema_migrations (version) VALUES ('20090327025757')[0m
Migrating to CreateItemBases (20090327030126)
  [4;36;1mSQL (0.5ms)[0m   [0;1mCREATE TABLE "item_bases" ("id" INTEGER PRIMARY KEY AUTOINCREMENT NOT NULL, "name" varchar(255) NOT NULL, "description" text NOT NULL, "created_at" datetime NOT NULL, "updated_at" datetime NOT NULL) [0m
  [4;35;1mSQL (0.2ms)[0m   [0mINSERT INTO schema_migrations (version) VALUES ('20090327030126')[0m
Migrating to CreateAreaBases (20090327030237)
  [4;36;1mSQL (0.6ms)[0m   [0;1mCREATE TABLE "area_bases" ("id" INTEGER PRIMARY KEY AUTOINCREMENT NOT NULL, "name" varchar(255) NOT NULL, "description" text NOT NULL, "created_at" datetime NOT NULL, "updated_at" datetime NOT NULL) [0m
  [4;35;1mSQL (0.1ms)[0m   [0mINSERT INTO schema_migrations (version) VALUES ('20090327030237')[0m
Migrating to CreateOpportunityBases (20090327030349)
  [4;36;1mSQL (0.5ms)[0m   [0;1mCREATE TABLE "opportunity_bases" ("id" INTEGER PRIMARY KEY AUTOINCREMENT NOT NULL, "name" varchar(255) NOT NULL, "description" text NOT NULL, "created_at" datetime NOT NULL, "updated_at" datetime NOT NULL) [0m
  [4;35;1mSQL (0.1ms)[0m   [0mINSERT INTO schema_migrations (version) VALUES ('20090327030349')[0m
Migrating to CreateAccounts (20090327030854)
  [4;36;1mSQL (0.6ms)[0m   [0;1mCREATE TABLE "accounts" ("id" INTEGER PRIMARY KEY AUTOINCREMENT NOT NULL, "email" varchar(255), "created_at" datetime NOT NULL, "updated_at" datetime NOT NULL) [0m
  [4;35;1mSQL (0.2ms)[0m   [0mINSERT INTO schema_migrations (version) VALUES ('20090327030854')[0m
Migrating to CreateLogins (20090327030912)
  [4;36;1mSQL (0.5ms)[0m   [0;1mCREATE TABLE "logins" ("id" INTEGER PRIMARY KEY AUTOINCREMENT NOT NULL, "account_id" integer NOT NULL, "created_at" datetime NOT NULL, "updated_at" datetime NOT NULL) [0m
  [4;35;1mSQL (0.2ms)[0m   [0mINSERT INTO schema_migrations (version) VALUES ('20090327030912')[0m
  [4;36;1mSQL (72.3ms)[0m   [0;1m SELECT name
 FROM sqlite_master
 WHERE type = 'table' AND NOT name = 'sqlite_sequence'
[0m
  [4;35;1mSQL (12.6ms)[0m   [0mSELECT version FROM schema_migrations[0m
  [4;36;1mSQL (1.1ms)[0m   [0;1m SELECT name
 FROM sqlite_master
 WHERE type = 'table' AND NOT name = 'sqlite_sequence'
[0m
  [4;35;1mSQL (0.1ms)[0m   [0mPRAGMA index_list("accounts")[0m
  [4;36;1mSQL (0.1ms)[0m   [0;1mPRAGMA index_list("area_bases")[0m
  [4;35;1mSQL (0.2ms)[0m   [0mPRAGMA index_list("area_links")[0m
  [4;36;1mSQL (0.2ms)[0m   [0;1mPRAGMA index_info('index_area_links_on_area_id')[0m
  [4;35;1mSQL (0.1ms)[0m   [0mPRAGMA index_list("areas")[0m
  [4;36;1mSQL (0.1ms)[0m   [0;1mPRAGMA index_list("item_bases")[0m
  [4;35;1mSQL (0.2ms)[0m   [0mPRAGMA index_list("items")[0m
  [4;36;1mSQL (0.2ms)[0m   [0;1mPRAGMA index_info('index_items_on_owner_id_and_owner_type')[0m
  [4;35;1mSQL (0.1ms)[0m   [0mPRAGMA index_list("logins")[0m
  [4;36;1mSQL (0.2ms)[0m   [0;1mPRAGMA index_list("loots")[0m
  [4;35;1mSQL (0.2ms)[0m   [0mPRAGMA index_info('index_loots_on_opportunity_base_id_and_weight')[0m
  [4;36;1mSQL (0.1ms)[0m   [0;1mPRAGMA index_list("open_id_authentication_associations")[0m
  [4;35;1mSQL (0.1ms)[0m   [0mPRAGMA index_list("open_id_authentication_nonces")[0m
  [4;36;1mSQL (0.2ms)[0m   [0;1mPRAGMA index_list("opportunities")[0m
  [4;35;1mSQL (0.2ms)[0m   [0mPRAGMA index_info('index_opportunities_on_area_id')[0m
  [4;36;1mSQL (0.1ms)[0m   [0;1mPRAGMA index_list("opportunity_bases")[0m
  [4;35;1mSQL (0.3ms)[0m   [0mPRAGMA index_list("players")[0m
  [4;36;1mSQL (0.3ms)[0m   [0;1mPRAGMA index_info('index_players_on_location_id_and_location_type')[0m
  [4;35;1mSQL (0.2ms)[0m   [0mPRAGMA index_info('index_players_on_account_id')[0m
  [4;36;1mSQL (0.1ms)[0m   [0;1mPRAGMA index_list("recipe_components")[0m
  [4;35;1mSQL (0.2ms)[0m   [0mPRAGMA index_list("recipe_outcomes")[0m
  [4;36;1mSQL (0.3ms)[0m   [0;1mPRAGMA index_info('index_recipe_outcomes_on_recipe_id_and_weight')[0m
  [4;35;1mSQL (0.1ms)[0m   [0mPRAGMA index_list("recipes")[0m
  [4;36;1mAccount Create (0.5ms)[0m   [0;1mINSERT INTO "accounts" ("updated_at", "email", "created_at") VALUES('2009-03-27 05:57:24', NULL, '2009-03-27 05:57:24')[0m
  [4;35;1mItemBase Create (0.3ms)[0m   [0mINSERT INTO "item_bases" ("name", "updated_at", "description", "created_at") VALUES('berry', '2009-03-27 05:57:24', 'This berry looks delicious.', '2009-03-27 05:57:24')[0m
  [4;36;1mAreaBase Create (0.3ms)[0m   [0;1mINSERT INTO "area_bases" ("name", "updated_at", "description", "created_at") VALUES('plains', '2009-03-27 05:57:24', 'Grassland as far as the eye can see!', '2009-03-27 05:57:24')[0m
  [4;35;1mAreaBase Load (0.4ms)[0m   [0mSELECT * FROM "area_bases" WHERE ("area_bases"."id" = 1) [0m
  [4;36;1mArea Create (0.3ms)[0m   [0;1mINSERT INTO "areas" ("name", "updated_at", "area_base_id", "created_at") VALUES('Tor', '2009-03-27 05:57:24', 1, '2009-03-27 05:57:24')[0m
  [4;35;1mOpportunityBase Create (0.3ms)[0m   [0mINSERT INTO "opportunity_bases" ("name", "updated_at", "description", "created_at") VALUES('bush', '2009-03-27 05:57:24', 'Looks like a pretty standard bush.', '2009-03-27 05:57:24')[0m
  [4;36;1mOpportunityBase Load (0.4ms)[0m   [0;1mSELECT * FROM "opportunity_bases" WHERE ("opportunity_bases"."id" = 1) [0m
  [4;35;1mLoot Create (0.3ms)[0m   [0mINSERT INTO "loots" ("item_base_id", "updated_at", "weight", "opportunity_base_id", "created_at") VALUES(1, '2009-03-27 05:57:24', 100, 1, '2009-03-27 05:57:24')[0m
  [4;36;1mOpportunity Create (0.2ms)[0m   [0;1mINSERT INTO "opportunities" ("updated_at", "area_id", "opportunity_base_id", "created_at") VALUES('2009-03-27 05:57:24', 1, 1, '2009-03-27 05:57:24')[0m
  [4;35;1mAreaBase Load (0.4ms)[0m   [0mSELECT * FROM "area_bases" WHERE ("area_bases"."id" = 1) [0m
  [4;36;1mArea Create (0.3ms)[0m   [0;1mINSERT INTO "areas" ("name", "updated_at", "area_base_id", "created_at") VALUES('Tyr', '2009-03-27 05:57:24', 1, '2009-03-27 05:57:24')[0m
  [4;35;1mOpportunity Create (0.3ms)[0m   [0mINSERT INTO "opportunities" ("updated_at", "area_id", "opportunity_base_id", "created_at") VALUES('2009-03-27 05:57:24', 2, 1, '2009-03-27 05:57:24')[0m
  [4;36;1mArea Load (1.5ms)[0m   [0;1mSELECT * FROM "areas" LIMIT 1[0m
  [4;35;1mArea Load (0.4ms)[0m   [0mSELECT * FROM "areas" LIMIT 1[0m
  [4;36;1mOpportunity Load (0.5ms)[0m   [0;1mSELECT * FROM "opportunities" WHERE ("opportunities".area_id = 1) LIMIT 1[0m
  [4;35;1mArea Load (1.1ms)[0m   [0mSELECT * FROM "areas" LIMIT 1[0m
  [4;36;1mOpportunity Load (0.4ms)[0m   [0;1mSELECT * FROM "opportunities" WHERE ("opportunities".area_id = 1) LIMIT 1[0m
  [4;35;1mArea Load (0.4ms)[0m   [0mSELECT * FROM "areas" LIMIT 1[0m
  [4;36;1mOpportunity Load (0.4ms)[0m   [0;1mSELECT * FROM "opportunities" WHERE ("opportunities".area_id = 1) LIMIT 1[0m
  [4;35;1mOpportunityBase Load (0.3ms)[0m   [0mSELECT * FROM "opportunity_bases" WHERE ("opportunity_bases"."id" = 1) [0m
  [4;36;1mSQL (0.3ms)[0m   [0;1mSELECT count(*) AS count_all FROM "loots" WHERE ("loots".opportunity_base_id = 1) [0m
  [4;35;1mLoot Load (0.4ms)[0m   [0mSELECT * FROM "loots" WHERE ("loots".opportunity_base_id = 1) ORDER BY weight DESC[0m
  [4;36;1mItemBase Load (0.4ms)[0m   [0;1mSELECT * FROM "item_bases" WHERE ("item_bases"."id" = 1) [0m
  [4;35;1mArea Load (1.1ms)[0m   [0mSELECT * FROM "areas" LIMIT 1[0m
  [4;36;1mOpportunity Load (0.4ms)[0m   [0;1mSELECT * FROM "opportunities" WHERE ("opportunities".area_id = 1) LIMIT 1[0m
  [4;35;1mOpportunityBase Load (0.3ms)[0m   [0mSELECT * FROM "opportunity_bases" WHERE ("opportunity_bases"."id" = 1) [0m
  [4;36;1mSQL (0.3ms)[0m   [0;1mSELECT count(*) AS count_all FROM "loots" WHERE ("loots".opportunity_base_id = 1) [0m
  [4;35;1mLoot Load (0.5ms)[0m   [0mSELECT * FROM "loots" WHERE ("loots".opportunity_base_id = 1) ORDER BY weight DESC[0m
  [4;36;1mItemBase Load (0.3ms)[0m   [0;1mSELECT * FROM "item_bases" WHERE ("item_bases"."id" = 1) [0m
  [4;35;1mArea Load (0.4ms)[0m   [0mSELECT * FROM "areas" LIMIT 1[0m
  [4;36;1mOpportunity Load (0.4ms)[0m   [0;1mSELECT * FROM "opportunities" WHERE ("opportunities".area_id = 1) LIMIT 1[0m
  [4;35;1mOpportunityBase Load (0.4ms)[0m   [0mSELECT * FROM "opportunity_bases" WHERE ("opportunity_bases"."id" = 1) [0m
  [4;36;1mSQL (0.3ms)[0m   [0;1mSELECT count(*) AS count_all FROM "loots" WHERE ("loots".opportunity_base_id = 1) [0m
  [4;35;1mLoot Load (0.4ms)[0m   [0mSELECT * FROM "loots" WHERE ("loots".opportunity_base_id = 1) ORDER BY weight DESC[0m
  [4;36;1mItemBase Load (0.3ms)[0m   [0;1mSELECT * FROM "item_bases" WHERE ("item_bases"."id" = 1) [0m
  [4;35;1mArea Load (0.4ms)[0m   [0mSELECT * FROM "areas" LIMIT 1[0m
  [4;36;1mOpportunity Load (0.4ms)[0m   [0;1mSELECT * FROM "opportunities" WHERE ("opportunities".area_id = 1) LIMIT 1[0m
  [4;35;1mOpportunityBase Load (0.4ms)[0m   [0mSELECT * FROM "opportunity_bases" WHERE ("opportunity_bases"."id" = 1) [0m
  [4;36;1mSQL (0.3ms)[0m   [0;1mSELECT count(*) AS count_all FROM "loots" WHERE ("loots".opportunity_base_id = 1) [0m
  [4;35;1mLoot Load (0.4ms)[0m   [0mSELECT * FROM "loots" WHERE ("loots".opportunity_base_id = 1) ORDER BY weight DESC[0m
  [4;36;1mItemBase Load (0.3ms)[0m   [0;1mSELECT * FROM "item_bases" WHERE ("item_bases"."id" = 1) [0m
  [4;35;1mArea Load (0.4ms)[0m   [0mSELECT * FROM "areas" LIMIT 1[0m
  [4;36;1mOpportunity Load (0.4ms)[0m   [0;1mSELECT * FROM "opportunities" WHERE ("opportunities".area_id = 1) LIMIT 1[0m
  [4;35;1mOpportunityBase Load (0.3ms)[0m   [0mSELECT * FROM "opportunity_bases" WHERE ("opportunity_bases"."id" = 1) [0m
  [4;36;1mSQL (0.3ms)[0m   [0;1mSELECT count(*) AS count_all FROM "loots" WHERE ("loots".opportunity_base_id = 1) [0m
  [4;35;1mLoot Load (0.4ms)[0m   [0mSELECT * FROM "loots" WHERE ("loots".opportunity_base_id = 1) ORDER BY weight DESC[0m
  [4;36;1mItemBase Load (0.5ms)[0m   [0;1mSELECT * FROM "item_bases" WHERE ("item_bases"."id" = 1) [0m
  [4;35;1mArea Load (0.9ms)[0m   [0mSELECT * FROM "areas" LIMIT 1[0m
  [4;36;1mOpportunity Load (0.4ms)[0m   [0;1mSELECT * FROM "opportunities" WHERE ("opportunities".area_id = 1) LIMIT 1[0m
  [4;35;1mOpportunityBase Load (0.3ms)[0m   [0mSELECT * FROM "opportunity_bases" WHERE ("opportunity_bases"."id" = 1) [0m
  [4;36;1mSQL (0.3ms)[0m   [0;1mSELECT count(*) AS count_all FROM "loots" WHERE ("loots".opportunity_base_id = 1) [0m
  [4;35;1mLoot Load (0.4ms)[0m   [0mSELECT * FROM "loots" WHERE ("loots".opportunity_base_id = 1) ORDER BY weight DESC[0m
  [4;36;1mItemBase Load (0.3ms)[0m   [0;1mSELECT * FROM "item_bases" WHERE ("item_bases"."id" = 1) [0m
  [4;35;1mArea Load (0.4ms)[0m   [0mSELECT * FROM "areas" LIMIT 1[0m
  [4;36;1mOpportunity Load (0.4ms)[0m   [0;1mSELECT * FROM "opportunities" WHERE ("opportunities".area_id = 1) LIMIT 1[0m
  [4;35;1mOpportunityBase Load (0.4ms)[0m   [0mSELECT * FROM "opportunity_bases" WHERE ("opportunity_bases"."id" = 1) [0m
  [4;36;1mSQL (0.3ms)[0m   [0;1mSELECT count(*) AS count_all FROM "loots" WHERE ("loots".opportunity_base_id = 1) [0m
  [4;35;1mLoot Load (0.4ms)[0m   [0mSELECT * FROM "loots" WHERE ("loots".opportunity_base_id = 1) ORDER BY weight DESC[0m
  [4;36;1mItemBase Load (0.3ms)[0m   [0;1mSELECT * FROM "item_bases" WHERE ("item_bases"."id" = 1) [0m
  [4;35;1mArea Load (0.4ms)[0m   [0mSELECT * FROM "areas" LIMIT 1[0m
  [4;36;1mOpportunity Load (0.4ms)[0m   [0;1mSELECT * FROM "opportunities" WHERE ("opportunities".area_id = 1) LIMIT 1[0m
  [4;35;1mOpportunityBase Load (0.4ms)[0m   [0mSELECT * FROM "opportunity_bases" WHERE ("opportunity_bases"."id" = 1) [0m
  [4;36;1mSQL (0.3ms)[0m   [0;1mSELECT count(*) AS count_all FROM "loots" WHERE ("loots".opportunity_base_id = 1) [0m
  [4;35;1mLoot Load (0.4ms)[0m   [0mSELECT * FROM "loots" WHERE ("loots".opportunity_base_id = 1) ORDER BY weight DESC[0m
  [4;36;1mItemBase Load (0.4ms)[0m   [0;1mSELECT * FROM "item_bases" WHERE ("item_bases"."id" = 1) [0m
  [4;35;1mArea Load (1.1ms)[0m   [0mSELECT * FROM "areas" LIMIT 1[0m
  [4;36;1mOpportunity Load (0.4ms)[0m   [0;1mSELECT * FROM "opportunities" WHERE ("opportunities".area_id = 1) LIMIT 1[0m
  [4;35;1mArea Load (0.4ms)[0m   [0mSELECT * FROM "areas" LIMIT 1[0m
  [4;36;1mOpportunity Load (0.4ms)[0m   [0;1mSELECT * FROM "opportunities" WHERE ("opportunities".area_id = 1) LIMIT 1[0m
  [4;35;1mOpportunityBase Load (0.3ms)[0m   [0mSELECT * FROM "opportunity_bases" WHERE ("opportunity_bases"."id" = 1) [0m
  [4;36;1mSQL (0.3ms)[0m   [0;1mSELECT count(*) AS count_all FROM "loots" WHERE ("loots".opportunity_base_id = 1) [0m
  [4;35;1mLoot Load (0.4ms)[0m   [0mSELECT * FROM "loots" WHERE ("loots".opportunity_base_id = 1) ORDER BY weight DESC[0m
  [4;36;1mItemBase Load (0.4ms)[0m   [0;1mSELECT * FROM "item_bases" WHERE ("item_bases"."id" = 1) [0m
  [4;35;1mArea Load (0.4ms)[0m   [0mSELECT * FROM "areas" LIMIT 1[0m
  [4;36;1mOpportunity Load (0.3ms)[0m   [0;1mSELECT * FROM "opportunities" WHERE ("opportunities".area_id = 1) LIMIT 1[0m
  [4;35;1mOpportunityBase Load (0.3ms)[0m   [0mSELECT * FROM "opportunity_bases" WHERE ("opportunity_bases"."id" = 1) [0m
  [4;36;1mSQL (0.3ms)[0m   [0;1mSELECT count(*) AS count_all FROM "loots" WHERE ("loots".opportunity_base_id = 1) [0m
  [4;35;1mLoot Load (0.4ms)[0m   [0mSELECT * FROM "loots" WHERE ("loots".opportunity_base_id = 1) ORDER BY weight DESC[0m
  [4;36;1mItemBase Load (0.3ms)[0m   [0;1mSELECT * FROM "item_bases" WHERE ("item_bases"."id" = 1) [0m
  [4;35;1mArea Load (0.4ms)[0m   [0mSELECT * FROM "areas" LIMIT 1[0m
  [4;36;1mOpportunity Load (0.3ms)[0m   [0;1mSELECT * FROM "opportunities" WHERE ("opportunities".area_id = 1) LIMIT 1[0m
